clush: 172.31.56.234: exited with exit code 1
[1,2]<stderr>:/usr/share/modules/init/bash: line 58: export: _moduleraw: not a function
[1,1]<stderr>:/usr/share/modules/init/bash: line 58: export: _moduleraw: not a function
[1,3]<stderr>:/usr/share/modules/init/bash: line 58: export: _moduleraw: not a function
[1,0]<stderr>:/usr/share/modules/init/bash: line 58: export: _moduleraw: not a function
[1,4]<stderr>:/usr/share/modules/init/bash: line 58: export: _moduleraw: not a function
[1,5]<stderr>:/usr/share/modules/init/bash: line 58: export: _moduleraw: not a function
[1,6]<stderr>:/usr/share/modules/init/bash: line 58: export: _moduleraw: not a function
[1,7]<stderr>:/usr/share/modules/init/bash: line 58: export: _moduleraw: not a function
--------------------------------------------------------------------------
WARNING: Linux kernel CMA support was requested via the
btl_vader_single_copy_mechanism MCA variable, but CMA support is
not available due to restrictive ptrace settings.

The vader shared memory BTL will fall back on another single-copy
mechanism if one is available. This may result in lower performance.

  Local host: ip-172-31-56-234
--------------------------------------------------------------------------
[ip-172-31-56-234:62598] 7 more processes have sent help message help-btl-vader.txt / cma-permission-denied
[ip-172-31-56-234:62598] Set MCA parameter "orte_base_help_aggregate" to 0 to see all help / error messages
[1,7]<stderr>:[08:39:24] src/storage/storage.cc:110: Using GPUPooledRoundedStorageManager.
[1,5]<stderr>:[08:39:24] src/storage/storage.cc:110: Using GPUPooledRoundedStorageManager.
[1,4]<stderr>:[08:39:24] src/storage/storage.cc:[1,4]<stderr>:110: Using GPUPooledRoundedStorageManager.
[1,2]<stderr>:[08:39:24] src/storage/storage.cc:110: Using GPUPooledRoundedStorageManager.
[1,0]<stderr>:[08:39:24] src/storage/storage.cc:110: Using GPUPooledRoundedStorageManager.
[1,1]<stderr>:[08:39:24] src/storage/storage.cc:[1,1]<stderr>:110: Using GPUPooledRoundedStorageManager.
[1,3]<stderr>:[08:39:24] src/storage/storage.cc:110: Using GPUPooledRoundedStorageManager.[1,3]<stderr>:
[1,6]<stderr>:[08:39:24] src/storage/storage.cc:110: Using GPUPooledRoundedStorageManager.
[1,0]<stdout>:NCCL version 2.5.6+cuda10.2
